warning: el producto no existe en el carrito
warning: Se elimino todo un producto del carrito
warning: Se elimino todo un producto del carrito
warning: el producto no existe!!!
warning: el producto no existe!!!
warning: el usuario que esta agregando el producto es :  {"age":99,"email":"premium@gmail.com","first_name":"premium","id":"64ce8e5a3040b4124ddb50c9","idCart":"64ce8e593040b4124ddb50c7","last_name":"premium2","rol":"Premium"}
warning: el producto no existe!!!
warning: el usuario que esta agregando el producto es :  {"age":99,"email":"premium@gmail.com","first_name":"premium","id":"64ce8e5a3040b4124ddb50c9","idCart":"64ce8e593040b4124ddb50c7","last_name":"premium2","rol":"Premium"}
warning: el producto no existe!!!
warning: el usuario que esta agregando el producto es :  {"age":99,"email":"premium@gmail.com","first_name":"premium","id":"64ce8e5a3040b4124ddb50c9","idCart":"64ce8e593040b4124ddb50c7","last_name":"premium2","rol":"Premium"}
warning: el producto no existe!!!
warning: el usuario que esta agregando el producto es :  {"age":99,"email":"premium@gmail.com","first_name":"premium","id":"64ce8e5a3040b4124ddb50c9","idCart":"64ce8e593040b4124ddb50c7","last_name":"premium2","rol":"Premium"}
warning: el producto no existe!!!
warning: el usuario que esta agregando el producto es :  {"age":99,"email":"premium@gmail.com","first_name":"premium","id":"64ce8e5a3040b4124ddb50c9","idCart":"64ce8e593040b4124ddb50c7","last_name":"premium2","rol":"Premium"}
warning: Se elimino todo un producto del carrito
warning: el producto no existe!!!
warning: el usuario que esta agregando el producto es :  {"age":99,"email":"premium@gmail.com","first_name":"premium","id":"64ce8e5a3040b4124ddb50c9","idCart":"64ce8e593040b4124ddb50c7","last_name":"premium2","rol":"Premium"}
warning: el producto no existe!!!
warning: el usuario que esta agregando el producto es :  {"age":99,"email":"premium@gmail.com","first_name":"premium","id":"64ce8e5a3040b4124ddb50c9","idCart":"64ce8e593040b4124ddb50c7","last_name":"premium2","rol":"Premium"}
warning: el producto no existe!!!
warning: el usuario que esta agregando el producto es :  {"age":99,"email":"premium@gmail.com","first_name":"premium","id":"64ce8e5a3040b4124ddb50c9","idCart":"64ce8e593040b4124ddb50c7","last_name":"premium2","rol":"Premium"}
warning: el producto no existe!!!
warning: el usuario que esta agregando el producto es :  {"age":99,"email":"premium@gmail.com","first_name":"premium","id":"64ce8e5a3040b4124ddb50c9","idCart":"64ce8e593040b4124ddb50c7","last_name":"premium2","rol":"Premium"}
warning: el producto no se pudo agregar!!!
warning: el producto no existe!!!
warning: el usuario que esta agregando el producto es :  {"age":99,"email":"premium@gmail.com","first_name":"premium","id":"64ce8e5a3040b4124ddb50c9","idCart":"64ce8e593040b4124ddb50c7","last_name":"premium2","rol":"Premium"}
warning: el producto no se pudo agregar!!!
warning: el producto no existe!!!
warning: el usuario que esta agregando el producto es :  {"age":99,"email":"premium@gmail.com","first_name":"premium","id":"64ce8e5a3040b4124ddb50c9","idCart":"64ce8e593040b4124ddb50c7","last_name":"premium2","rol":"Premium"}
warning: el producto no se pudo agregar!!!
warning: el producto no existe!!!
warning: el usuario que esta agregando el producto es : 
warning: el producto no se pudo agregar!!!
warning: el producto no existe!!!
warning: el usuario que esta agregando el producto es : 
warning: el producto no se pudo agregar!!!
warning: el producto no existe!!!
warning: el usuario que esta agregando el producto es : 
warning: el producto no se pudo agregar!!!
warning: el producto no existe!!!
warning: el producto no se pudo agregar!!!
warning: el producto no existe!!!
warning: el usuario que esta agregando el producto es : 
warning: el producto no se pudo agregar!!!
warning: el producto no existe!!!
warning: el usuario que esta agregando el producto es : 
warning: el producto no existe!!!
warning: el usuario que esta agregando el producto es : 
warning: el producto no existe!!!
warning: el usuario que esta agregando el producto es : 
warning: el producto no se pudo agregar!!!
warning: el producto no existe!!!
warning: el usuario que esta agregando el producto es :  {"age":99,"email":"premium@gmail.com","first_name":"premium","id":"64ce8e5a3040b4124ddb50c9","idCart":"64ce8e593040b4124ddb50c7","last_name":"premium2","rol":"Premium"}
warning: el producto no se pudo agregar!!!
warning: el producto no existe!!!
warning: el usuario que esta agregando el producto es :  {"age":99,"email":"premium@gmail.com","first_name":"premium","id":"64ce8e5a3040b4124ddb50c9","idCart":"64ce8e593040b4124ddb50c7","last_name":"premium2","rol":"Premium"}
warning: el producto no se pudo agregar!!!
warning: el producto no existe!!!
warning: el usuario que esta agregando el producto es :  {"age":99,"email":"premium@gmail.com","first_name":"premium","id":"64ce8e5a3040b4124ddb50c9","idCart":"64ce8e593040b4124ddb50c7","last_name":"premium2","rol":"Premium"}
warning: el producto no se pudo agregar!!!
warning: el producto no existe!!!
warning: el usuario que esta agregando el producto es :  {"age":99,"email":"premium@gmail.com","first_name":"premium","id":"64ce8e5a3040b4124ddb50c9","idCart":"64ce8e593040b4124ddb50c7","last_name":"premium2","rol":"Premium"}
warning: el producto no se pudo agregar!!!
warning: el producto no existe!!!
warning: el usuario que esta agregando el producto es :  {"age":99,"email":"premium@gmail.com","first_name":"premium","id":"64ce8e5a3040b4124ddb50c9","idCart":"64ce8e593040b4124ddb50c7","last_name":"premium2","rol":"Premium"}
warning: el producto no se pudo agregar!!!
warning: el producto no existe!!!
warning: el usuario que esta agregando el producto es :  {"age":99,"email":"premium@gmail.com","first_name":"premium","id":"64ce8e5a3040b4124ddb50c9","idCart":"64ce8e593040b4124ddb50c7","last_name":"premium2","rol":"Premium"}
warning: el producto no se pudo agregar!!!
warning: el producto no existe!!!
warning: el usuario que esta agregando el producto es :  {"age":99,"email":"premium@gmail.com","first_name":"premium","id":"64ce8e5a3040b4124ddb50c9","idCart":"64ce8e593040b4124ddb50c7","last_name":"premium2","rol":"Premium"}
warning: el producto no existe!!!
warning: el usuario que esta agregando el producto es :  {"age":22,"email":"adminUser@gmail.com","first_name":"Admin","id":"64c9893c9b701751e4d363d1","idCart":"64c9893c9b701751e4d363cf","last_name":"user","rol":"Administrador"}
warning: el producto no existe!!!
warning: el usuario que esta agregando el producto es :  {"age":99,"email":"premium@gmail.com","first_name":"premium","id":"64ce8e5a3040b4124ddb50c9","idCart":"64ce8e593040b4124ddb50c7","last_name":"premium2","rol":"Premium"}
warning: el usuario que esta agregando el producto es : 
warning: el usuario que esta agregando el producto es : 
warning: el usuario que esta agregando el producto es : 
warning: el usuario que esta agregando el producto es : 
warning: el usuario que esta agregando el producto es : 
warning: el producto no existe!!!
warning: el usuario que esta agregando el producto es : 
warning: el producto no existe!!!
warning: el usuario que esta agregando el producto es : 
warning: el producto no existe!!!
warning: el usuario que esta agregando el producto es : 
warning: el producto no existe!!!
warning: el usuario que esta agregando el producto es : 
warning: el producto no existe!!!
warning: el usuario que esta agregando el producto es : 
warning: el producto no existe en el carrito
warning: el producto no existe en el carrito
warning: el producto no existe en el carrito
warning: el producto no existe en el carrito
warning: el producto no existe en el carrito
warning: el producto no existe en el carrito
warning: el producto no existe en el carrito
warning: el producto no existe en el carrito
warning: el producto no existe en el carrito
warning: el producto no existe en el carrito
warning: el producto no existe en el carrito
warning: el producto no existe en el carrito
warning: el producto no existe en el carrito
warning: el producto no existe en el carrito
warning: el producto no existe en el carrito
warning: Se elimino todo un producto del carrito
warning: Se elimino todo un producto del carrito
warning: Se elimino todo un producto del carrito
warning: el producto no existe!!!
warning: el producto no existe!!!
warning: el producto no existe!!!
warning: el producto no existe!!!
warning: el usuario que esta agregando el producto es : 
error: No se pudo realizar la operacion 
warning: Se elimino todo un producto del carrito
warning: Se elimino todo un producto del carrito
warning: Se elimino todo un producto del carrito
warning: Se elimino todo un producto del carrito
warning: Se elimino todo un producto del carrito
warning: Se elimino todo un producto del carrito
warning: Se elimino todo un producto del carrito
warning: el producto no existe!!!
warning: el usuario que esta agregando el producto es : 
warning: el producto no existe!!!
warning: el producto no existe!!!
warning: el usuario que esta agregando el producto es : 
warning: el producto no existe!!!
warning: Se elimino todo un producto del carrito
warning: el producto no existe!!!
warning: el producto no existe!!!
warning: el producto no existe!!!
warning: el producto no existe!!!
warning: el producto no existe!!!
warning: el producto no existe!!!
warning: el producto no existe!!!
warning: el producto existe!!!
warning: el producto existe!!!
warning: el producto existe!!!
warning: el producto existe!!!
warning: el producto no existe en el carrito
warning: el producto no existe en el carrito
warning: el producto no existe en el carrito
warning: el producto no existe en el carrito
warning: el producto no existe en el carrito
warning: Se elimino todo un producto del carrito
warning: Se elimino todo un producto del carrito
warning: Se elimino todo un producto del carrito
warning: el producto no existe en el carrito
warning: el producto no existe en el carrito
warning: el producto no existe en el carrito
warning: el producto no existe en el carrito
warning: el producto no existe en el carrito
warning: el producto no existe en el carrito
warning: Se elimino todo un producto del carrito
warning: Se elimino todo un producto del carrito
warning: Se elimino todo un producto del carrito
warning: Se elimino todo un producto del carrito
warning: Se elimino todo un producto del carrito
error: El carrito puede que no exista
error: No se pudo realizar la acción
error: No se pudo realizar la acción
error: No se pudo realizar la acción
error: No se pudo realizar la acción
error: No se pudo realizar la acción
error: No se pudo realizar la acción
error: No se pudo realizar la acción
error: No se pudo realizar la acción
error: No se pudo realizar la acción
warning: el producto no existe en el carrito
warning: el producto no existe en el carrito
warning: el producto no existe en el carrito
warning: el producto no existe en el carrito
warning: el producto no existe en el carrito
warning: el producto no existe en el carrito
warning: el producto no existe en el carrito
warning: el producto no existe en el carrito
warning: el producto no existe en el carrito
warning: el producto no existe en el carrito
warning: el producto no existe en el carrito
warning: el producto no existe en el carrito
warning: el producto no existe en el carrito
warning: el producto no existe en el carrito
warning: el producto no existe en el carrito
warning: Se elimino todo un producto del carrito
warning: el producto no existe en el carrito
warning: el producto no existe en el carrito
warning: el producto no existe en el carrito
warning: el producto no existe!!!
warning: el usuario que esta agregando el producto es : 
warning: el producto no existe en el carrito
warning: el producto no existe en el carrito
warning: el producto no existe en el carrito
warning: el producto no existe en el carrito
warning: el producto no existe en el carrito
warning: el producto no existe en el carrito
warning: el producto no existe en el carrito
warning: el producto no existe en el carrito
warning: el producto no existe en el carrito
warning: el producto no existe en el carrito
warning: el producto no existe en el carrito
warning: el producto no existe en el carrito
warning: el producto no existe en el carrito
warning: el producto no existe en el carrito
warning: el producto no existe en el carrito
warning: el producto no existe en el carrito
warning: el producto no existe en el carrito
warning: el producto no existe en el carrito
warning: el producto no existe en el carrito
warning: el producto no existe en el carrito
warning: el producto no existe en el carrito
warning: el producto no existe en el carrito
warning: el producto no existe en el carrito
warning: el producto no existe en el carrito
warning: el producto no existe en el carrito
warning: el producto no existe en el carrito
warning: el producto no existe en el carrito
warning: el producto no existe en el carrito
warning: el producto no existe en el carrito
warning: el producto no existe en el carrito
warning: el producto no existe en el carrito
warning: el producto no existe en el carrito
warning: el producto no existe en el carrito
warning: el producto no existe en el carrito
warning: el producto no existe en el carrito
warning: el producto no existe en el carrito
warning: el producto no existe en el carrito
warning: el producto no existe en el carrito
warning: el producto no existe en el carrito
warning: el producto no existe en el carrito
warning: el producto no existe en el carrito
warning: el producto no existe en el carrito
warning: el producto no existe en el carrito
warning: el producto no existe en el carrito
warning: el producto no existe en el carrito
warning: el producto no existe en el carrito
warning: el producto no existe en el carrito
